Flow report for pitch_game_top
Tue May 20 10:59:29 2025
Quartus Prime Version 23.1std.1 Build 993 05/14/2024 SC Lite Edition


---------------------
; Table of Contents ;
---------------------
  1. Legal Notice
  2. Flow Summary
  3. Flow Settings
  4. Flow Non-Default Global Settings
  5. Flow Elapsed Time
  6. Flow OS Summary
  7. Flow Log
  8. Flow Messages
  9. Flow Suppressed Messages



----------------
; Legal Notice ;
----------------
Copyright (C) 2024  Intel Corporation. All rights reserved.
Your use of Intel Corporation's design tools, logic functions 
and other software and tools, and any partner logic 
functions, and any output files from any of the foregoing 
(including device programming or simulation files), and any 
associated documentation or information are expressly subject 
to the terms and conditions of the Intel Program License 
Subscription Agreement, the Intel Quartus Prime License Agreement,
the Intel FPGA IP License Agreement, or other applicable license
agreement, including, without limitation, that your use is for
the sole purpose of programming logic devices manufactured by
Intel and sold by Intel or its authorized distributors.  Please
refer to the applicable agreement for further details, at
https://fpgasoftware.intel.com/eula.



+-------------------------------------------------------------------------------------+
; Flow Summary                                                                        ;
+------------------------------------+------------------------------------------------+
; Flow Status                        ; Successful - Tue May 20 10:59:29 2025          ;
; Quartus Prime Version              ; 23.1std.1 Build 993 05/14/2024 SC Lite Edition ;
; Revision Name                      ; pitch_game_top                                 ;
; Top-level Entity Name              ; pitch_game_top                                 ;
; Family                             ; MAX 10                                         ;
; Device                             ; 10M50DAF484C7G                                 ;
; Timing Models                      ; Final                                          ;
; Total logic elements               ; 8,619 / 49,760 ( 17 % )                        ;
;     Total combinational functions  ; 8,594 / 49,760 ( 17 % )                        ;
;     Dedicated logic registers      ; 2,783 / 49,760 ( 6 % )                         ;
; Total registers                    ; 2783                                           ;
; Total pins                         ; 42 / 360 ( 12 % )                              ;
; Total virtual pins                 ; 0                                              ;
; Total memory bits                  ; 448 / 1,677,312 ( < 1 % )                      ;
; Embedded Multiplier 9-bit elements ; 126 / 288 ( 44 % )                             ;
; Total PLLs                         ; 1 / 4 ( 25 % )                                 ;
; UFM blocks                         ; 0 / 1 ( 0 % )                                  ;
; ADC blocks                         ; 1 / 2 ( 50 % )                                 ;
+------------------------------------+------------------------------------------------+


+-----------------------------------------+
; Flow Settings                           ;
+-------------------+---------------------+
; Option            ; Setting             ;
+-------------------+---------------------+
; Start date & time ; 05/20/2025 10:56:38 ;
; Main task         ; Compilation         ;
; Revision Name     ; pitch_game_top      ;
+-------------------+---------------------+


+----------------------------------------------------------------------------------------------------------------------------------------------------------------+
; Flow Non-Default Global Settings                                                                                                                               ;
+--------------------------------------+-------------------------------------------------------+---------------+-------------+-----------------------------------+
; Assignment Name                      ; Value                                                 ; Default Value ; Entity Name ; Section Id                        ;
+--------------------------------------+-------------------------------------------------------+---------------+-------------+-----------------------------------+
; COMPILER_SIGNATURE_ID                ; 125381173479445.174776379802616                       ; --            ; --          ; --                                ;
; EDA_DESIGN_INSTANCE_NAME             ; NA                                                    ; --            ; --          ; adc_filter_test                   ;
; EDA_GENERATE_FUNCTIONAL_NETLIST      ; Off                                                   ; --            ; --          ; eda_board_design_timing           ;
; EDA_GENERATE_FUNCTIONAL_NETLIST      ; Off                                                   ; --            ; --          ; eda_board_design_boundary_scan    ;
; EDA_GENERATE_FUNCTIONAL_NETLIST      ; Off                                                   ; --            ; --          ; eda_board_design_signal_integrity ;
; EDA_GENERATE_FUNCTIONAL_NETLIST      ; Off                                                   ; --            ; --          ; eda_board_design_symbol           ;
; EDA_NATIVELINK_SIMULATION_TEST_BENCH ; adc_filter_test                                       ; --            ; --          ; eda_simulation                    ;
; EDA_OUTPUT_DATA_FORMAT               ; Systemverilog Hdl                                     ; --            ; --          ; eda_simulation                    ;
; EDA_SIMULATION_TOOL                  ; Questa Intel FPGA (SystemVerilog)                     ; <None>        ; --          ; --                                ;
; EDA_TEST_BENCH_ENABLE_STATUS         ; TEST_BENCH_MODE                                       ; --            ; --          ; eda_simulation                    ;
; EDA_TEST_BENCH_FILE                  ; adc_sound_filter_tb.sv                                ; --            ; --          ; adc_filter_test                   ;
; EDA_TEST_BENCH_MODULE_NAME           ; adc_sound_filter_tb                                   ; --            ; --          ; adc_filter_test                   ;
; EDA_TEST_BENCH_NAME                  ; adc_filter_test                                       ; --            ; --          ; eda_simulation                    ;
; EDA_TIME_SCALE                       ; 1 ps                                                  ; --            ; --          ; eda_simulation                    ;
; MAX_CORE_JUNCTION_TEMP               ; 85                                                    ; --            ; --          ; --                                ;
; MIN_CORE_JUNCTION_TEMP               ; 0                                                     ; --            ; --          ; --                                ;
; MISC_FILE                            ; mic/synthesis/../mic.cmp                              ; --            ; --          ; --                                ;
; MISC_FILE                            ; mic/synthesis/../../mic.qsys                          ; --            ; --          ; --                                ;
; PARTITION_COLOR                      ; -- (Not supported for targeted family)                ; --            ; --          ; Top                               ;
; PARTITION_FITTER_PRESERVATION_LEVEL  ; -- (Not supported for targeted family)                ; --            ; --          ; Top                               ;
; PARTITION_NETLIST_TYPE               ; -- (Not supported for targeted family)                ; --            ; --          ; Top                               ;
; POWER_BOARD_THERMAL_MODEL            ; None (CONSERVATIVE)                                   ; --            ; --          ; --                                ;
; POWER_PRESET_COOLING_SOLUTION        ; 23 MM HEAT SINK WITH 200 LFPM AIRFLOW                 ; --            ; --          ; --                                ;
; PROJECT_OUTPUT_DIRECTORY             ; output_files                                          ; --            ; --          ; --                                ;
; SLD_FILE                             ; mic/synthesis/mic.debuginfo                           ; --            ; --          ; --                                ;
; SLD_INFO                             ; QSYS_NAME mic HAS_SOPCINFO 1 GENERATION_ID 1747027210 ; --            ; mic         ; --                                ;
; SOPCINFO_FILE                        ; mic/synthesis/../../mic.sopcinfo                      ; --            ; --          ; --                                ;
; SYNTHESIS_ONLY_QIP                   ; On                                                    ; --            ; --          ; --                                ;
+--------------------------------------+-------------------------------------------------------+---------------+-------------+-----------------------------------+


+--------------------------------------------------------------------------------------------------------------------------+
; Flow Elapsed Time                                                                                                        ;
+----------------------+--------------+-------------------------+---------------------+------------------------------------+
; Module Name          ; Elapsed Time ; Average Processors Used ; Peak Virtual Memory ; Total CPU Time (on all processors) ;
+----------------------+--------------+-------------------------+---------------------+------------------------------------+
; Analysis & Synthesis ; 00:00:24     ; 1.0                     ; 5046 MB             ; 00:00:32                           ;
; Fitter               ; 00:02:13     ; 1.4                     ; 6754 MB             ; 00:03:46                           ;
; Assembler            ; 00:00:02     ; 1.0                     ; 4852 MB             ; 00:00:02                           ;
; Timing Analyzer      ; 00:00:04     ; 4.5                     ; 5093 MB             ; 00:00:16                           ;
; EDA Netlist Writer   ; 00:00:01     ; 1.0                     ; 4737 MB             ; 00:00:01                           ;
; Total                ; 00:02:44     ; --                      ; --                  ; 00:04:37                           ;
+----------------------+--------------+-------------------------+---------------------+------------------------------------+


+------------------------------------------------------------------------------------+
; Flow OS Summary                                                                    ;
+----------------------+------------------+------------+------------+----------------+
; Module Name          ; Machine Hostname ; OS Name    ; OS Version ; Processor type ;
+----------------------+------------------+------------+------------+----------------+
; Analysis & Synthesis ; DESKTOP-JTAJJ42  ; Windows 10 ; 10.0       ; x86_64         ;
; Fitter               ; DESKTOP-JTAJJ42  ; Windows 10 ; 10.0       ; x86_64         ;
; Assembler            ; DESKTOP-JTAJJ42  ; Windows 10 ; 10.0       ; x86_64         ;
; Timing Analyzer      ; DESKTOP-JTAJJ42  ; Windows 10 ; 10.0       ; x86_64         ;
; EDA Netlist Writer   ; DESKTOP-JTAJJ42  ; Windows 10 ; 10.0       ; x86_64         ;
+----------------------+------------------+------------+------------+----------------+


------------
; Flow Log ;
------------
quartus_map --read_settings_files=on --write_settings_files=off pitch_game -c pitch_game_top
quartus_fit --read_settings_files=off --write_settings_files=off pitch_game -c pitch_game_top
quartus_asm --read_settings_files=off --write_settings_files=off pitch_game -c pitch_game_top
quartus_sta pitch_game -c pitch_game_top
quartus_eda --read_settings_files=off --write_settings_files=off pitch_game -c pitch_game_top



