Analysis & Synthesis report for pitch_game_top
Fri May  9 03:14:19 2025
Quartus Prime Version 23.1std.1 Build 993 05/14/2024 SC Lite Edition


---------------------
; Table of Contents ;
---------------------
  1. Legal Notice
  2. Analysis & Synthesis Summary
  3. Analysis & Synthesis Settings
  4. Parallel Compilation
  5. Analysis & Synthesis Source Files Read
  6. Analysis & Synthesis Resource Usage Summary
  7. Analysis & Synthesis Resource Utilization by Entity
  8. Registers Removed During Synthesis
  9. General Register Statistics
 10. Inverted Register Statistics
 11. Multiplexer Restructuring Statistics (Restructuring Performed)
 12. Parameter Settings for User Entity Instance: position:position_inst
 13. Port Connectivity Checks: "clock_divider:game_clock_divider"
 14. Port Connectivity Checks: "clock_divider:vga_clock_divider"
 15. Port Connectivity Checks: "collision:collision_inst"
 16. Port Connectivity Checks: "position:position_inst"
 17. Post-Synthesis Netlist Statistics for Top Partition
 18. Elapsed Time Per Partition
 19. Analysis & Synthesis Messages



----------------
; Legal Notice ;
----------------
Copyright (C) 2024  Intel Corporation. All rights reserved.
Your use of Intel Corporation's design tools, logic functions 
and other software and tools, and any partner logic 
functions, and any output files from any of the foregoing 
(including device programming or simulation files), and any 
associated documentation or information are expressly subject 
to the terms and conditions of the Intel Program License 
Subscription Agreement, the Intel Quartus Prime License Agreement,
the Intel FPGA IP License Agreement, or other applicable license
agreement, including, without limitation, that your use is for
the sole purpose of programming logic devices manufactured by
Intel and sold by Intel or its authorized distributors.  Please
refer to the applicable agreement for further details, at
https://fpgasoftware.intel.com/eula.



+-------------------------------------------------------------------------------------+
; Analysis & Synthesis Summary                                                        ;
+------------------------------------+------------------------------------------------+
; Analysis & Synthesis Status        ; Successful - Fri May  9 03:14:19 2025          ;
; Quartus Prime Version              ; 23.1std.1 Build 993 05/14/2024 SC Lite Edition ;
; Revision Name                      ; pitch_game_top                                 ;
; Top-level Entity Name              ; pitch_game_top                                 ;
; Family                             ; MAX 10                                         ;
; Total logic elements               ; 193                                            ;
;     Total combinational functions  ; 193                                            ;
;     Dedicated logic registers      ; 96                                             ;
; Total registers                    ; 96                                             ;
; Total pins                         ; 53                                             ;
; Total virtual pins                 ; 0                                              ;
; Total memory bits                  ; 0                                              ;
; Embedded Multiplier 9-bit elements ; 0                                              ;
; Total PLLs                         ; 0                                              ;
; UFM blocks                         ; 0                                              ;
; ADC blocks                         ; 0                                              ;
+------------------------------------+------------------------------------------------+


+------------------------------------------------------------------------------------------------------------+
; Analysis & Synthesis Settings                                                                              ;
+------------------------------------------------------------------+--------------------+--------------------+
; Option                                                           ; Setting            ; Default Value      ;
+------------------------------------------------------------------+--------------------+--------------------+
; Device                                                           ; 10M50DAF484C7G     ;                    ;
; Top-level entity name                                            ; pitch_game_top     ; pitch_game_top     ;
; Family name                                                      ; MAX 10             ; Cyclone V          ;
; Use smart compilation                                            ; Off                ; Off                ;
; Enable parallel Assembler and Timing Analyzer during compilation ; On                 ; On                 ;
; Enable compact report table                                      ; Off                ; Off                ;
; Restructure Multiplexers                                         ; Auto               ; Auto               ;
; Create Debugging Nodes for IP Cores                              ; Off                ; Off                ;
; Preserve fewer node names                                        ; On                 ; On                 ;
; Intel FPGA IP Evaluation Mode                                    ; Enable             ; Enable             ;
; Verilog Version                                                  ; Verilog_2001       ; Verilog_2001       ;
; VHDL Version                                                     ; VHDL_1993          ; VHDL_1993          ;
; State Machine Processing                                         ; Auto               ; Auto               ;
; Safe State Machine                                               ; Off                ; Off                ;
; Extract Verilog State Machines                                   ; On                 ; On                 ;
; Extract VHDL State Machines                                      ; On                 ; On                 ;
; Ignore Verilog initial constructs                                ; Off                ; Off                ;
; Iteration limit for constant Verilog loops                       ; 5000               ; 5000               ;
; Iteration limit for non-constant Verilog loops                   ; 250                ; 250                ;
; Add Pass-Through Logic to Inferred RAMs                          ; On                 ; On                 ;
; Infer RAMs from Raw Logic                                        ; On                 ; On                 ;
; Parallel Synthesis                                               ; On                 ; On                 ;
; DSP Block Balancing                                              ; Auto               ; Auto               ;
; NOT Gate Push-Back                                               ; On                 ; On                 ;
; Power-Up Don't Care                                              ; On                 ; On                 ;
; Remove Redundant Logic Cells                                     ; Off                ; Off                ;
; Remove Duplicate Registers                                       ; On                 ; On                 ;
; Ignore CARRY Buffers                                             ; Off                ; Off                ;
; Ignore CASCADE Buffers                                           ; Off                ; Off                ;
; Ignore GLOBAL Buffers                                            ; Off                ; Off                ;
; Ignore ROW GLOBAL Buffers                                        ; Off                ; Off                ;
; Ignore LCELL Buffers                                             ; Off                ; Off                ;
; Ignore SOFT Buffers                                              ; On                 ; On                 ;
; Limit AHDL Integers to 32 Bits                                   ; Off                ; Off                ;
; Optimization Technique                                           ; Balanced           ; Balanced           ;
; Carry Chain Length                                               ; 70                 ; 70                 ;
; Auto Carry Chains                                                ; On                 ; On                 ;
; Auto Open-Drain Pins                                             ; On                 ; On                 ;
; Perform WYSIWYG Primitive Resynthesis                            ; Off                ; Off                ;
; Auto ROM Replacement                                             ; On                 ; On                 ;
; Auto RAM Replacement                                             ; On                 ; On                 ;
; Auto DSP Block Replacement                                       ; On                 ; On                 ;
; Auto Shift Register Replacement                                  ; Auto               ; Auto               ;
; Allow Shift Register Merging across Hierarchies                  ; Auto               ; Auto               ;
; Auto Clock Enable Replacement                                    ; On                 ; On                 ;
; Strict RAM Replacement                                           ; Off                ; Off                ;
; Allow Synchronous Control Signals                                ; On                 ; On                 ;
; Force Use of Synchronous Clear Signals                           ; Off                ; Off                ;
; Auto RAM Block Balancing                                         ; On                 ; On                 ;
; Auto RAM to Logic Cell Conversion                                ; Off                ; Off                ;
; Auto Resource Sharing                                            ; Off                ; Off                ;
; Allow Any RAM Size For Recognition                               ; Off                ; Off                ;
; Allow Any ROM Size For Recognition                               ; Off                ; Off                ;
; Allow Any Shift Register Size For Recognition                    ; Off                ; Off                ;
; Use LogicLock Constraints during Resource Balancing              ; On                 ; On                 ;
; Ignore translate_off and synthesis_off directives                ; Off                ; Off                ;
; Timing-Driven Synthesis                                          ; On                 ; On                 ;
; Report Parameter Settings                                        ; On                 ; On                 ;
; Report Source Assignments                                        ; On                 ; On                 ;
; Report Connectivity Checks                                       ; On                 ; On                 ;
; Ignore Maximum Fan-Out Assignments                               ; Off                ; Off                ;
; Synchronization Register Chain Length                            ; 2                  ; 2                  ;
; Power Optimization During Synthesis                              ; Normal compilation ; Normal compilation ;
; HDL message level                                                ; Level2             ; Level2             ;
; Suppress Register Optimization Related Messages                  ; Off                ; Off                ;
; Number of Removed Registers Reported in Synthesis Report         ; 5000               ; 5000               ;
; Number of Swept Nodes Reported in Synthesis Report               ; 5000               ; 5000               ;
; Number of Inverted Registers Reported in Synthesis Report        ; 100                ; 100                ;
; Clock MUX Protection                                             ; On                 ; On                 ;
; Auto Gated Clock Conversion                                      ; Off                ; Off                ;
; Block Design Naming                                              ; Auto               ; Auto               ;
; SDC constraint protection                                        ; Off                ; Off                ;
; Synthesis Effort                                                 ; Auto               ; Auto               ;
; Shift Register Replacement - Allow Asynchronous Clear Signal     ; On                 ; On                 ;
; Pre-Mapping Resynthesis Optimization                             ; Off                ; Off                ;
; Analysis & Synthesis Message Level                               ; Medium             ; Medium             ;
; Disable Register Merging Across Hierarchies                      ; Auto               ; Auto               ;
; Resource Aware Inference For Block RAM                           ; On                 ; On                 ;
+------------------------------------------------------------------+--------------------+--------------------+


+------------------------------------------+
; Parallel Compilation                     ;
+----------------------------+-------------+
; Processors                 ; Number      ;
+----------------------------+-------------+
; Number detected on machine ; 16          ;
; Maximum allowed            ; 16          ;
;                            ;             ;
; Average used               ; 1.00        ;
; Maximum used               ; 16          ;
;                            ;             ;
; Usage by Processor         ; % Time Used ;
;     Processor 1            ; 100.0%      ;
;     Processors 2-16        ;   0.0%      ;
+----------------------------+-------------+


+---------------------------------------------------------------------------------------------------------------------------------------------------------------+
; Analysis & Synthesis Source Files Read                                                                                                                        ;
+----------------------------------+-----------------+------------------------------+-----------------------------------------------------------------+---------+
; File Name with User-Entered Path ; Used in Netlist ; File Type                    ; File Name with Absolute Path                                    ; Library ;
+----------------------------------+-----------------+------------------------------+-----------------------------------------------------------------+---------+
; vga.sv                           ; yes             ; User SystemVerilog HDL File  ; C:/Users/jonathanxue/Developer/DAV/pitch-game/vga.sv            ;         ;
; prng.sv                          ; yes             ; User SystemVerilog HDL File  ; C:/Users/jonathanxue/Developer/DAV/pitch-game/prng.sv           ;         ;
; position.sv                      ; yes             ; User SystemVerilog HDL File  ; C:/Users/jonathanxue/Developer/DAV/pitch-game/position.sv       ;         ;
; pitch_game_top.sv                ; yes             ; User SystemVerilog HDL File  ; C:/Users/jonathanxue/Developer/DAV/pitch-game/pitch_game_top.sv ;         ;
; microphone.sv                    ; yes             ; User SystemVerilog HDL File  ; C:/Users/jonathanxue/Developer/DAV/pitch-game/microphone.sv     ;         ;
; collision.sv                     ; yes             ; User SystemVerilog HDL File  ; C:/Users/jonathanxue/Developer/DAV/pitch-game/collision.sv      ;         ;
; clock_divider.sv                 ; yes             ; User SystemVerilog HDL File  ; C:/Users/jonathanxue/Developer/DAV/pitch-game/clock_divider.sv  ;         ;
+----------------------------------+-----------------+------------------------------+-----------------------------------------------------------------+---------+


+---------------------------------------------------------+
; Analysis & Synthesis Resource Usage Summary             ;
+---------------------------------------------+-----------+
; Resource                                    ; Usage     ;
+---------------------------------------------+-----------+
; Estimated Total logic elements              ; 193       ;
;                                             ;           ;
; Total combinational functions               ; 193       ;
; Logic element usage by number of LUT inputs ;           ;
;     -- 4 input functions                    ; 49        ;
;     -- 3 input functions                    ; 28        ;
;     -- <=2 input functions                  ; 116       ;
;                                             ;           ;
; Logic elements by mode                      ;           ;
;     -- normal mode                          ; 78        ;
;     -- arithmetic mode                      ; 115       ;
;                                             ;           ;
; Total registers                             ; 96        ;
;     -- Dedicated logic registers            ; 96        ;
;     -- I/O registers                        ; 0         ;
;                                             ;           ;
; I/O pins                                    ; 53        ;
;                                             ;           ;
; Embedded Multiplier 9-bit elements          ; 0         ;
;                                             ;           ;
; Maximum fan-out node                        ; clk~input ;
; Maximum fan-out                             ; 66        ;
; Total fan-out                               ; 899       ;
; Average fan-out                             ; 2.28      ;
+---------------------------------------------+-----------+


+-------------------------------------------------------------------------------------------------------------------------------------------------------------------------------------------------------------------------------------------------------------------------------+
; Analysis & Synthesis Resource Utilization by Entity                                                                                                                                                                                                                           ;
+---------------------------------------+---------------------+---------------------------+-------------+------------+--------------+---------+-----------+------+--------------+------------+--------------------------------------------------+----------------+--------------+
; Compilation Hierarchy Node            ; Combinational ALUTs ; Dedicated Logic Registers ; Memory Bits ; UFM Blocks ; DSP Elements ; DSP 9x9 ; DSP 18x18 ; Pins ; Virtual Pins ; ADC blocks ; Full Hierarchy Name                              ; Entity Name    ; Library Name ;
+---------------------------------------+---------------------+---------------------------+-------------+------------+--------------+---------+-----------+------+--------------+------------+--------------------------------------------------+----------------+--------------+
; |pitch_game_top                       ; 193 (45)            ; 96 (1)                    ; 0           ; 0          ; 0            ; 0       ; 0         ; 53   ; 0            ; 0          ; |pitch_game_top                                  ; pitch_game_top ; work         ;
;    |clock_divider:game_clock_divider| ; 53 (53)             ; 33 (33)                   ; 0           ; 0          ; 0            ; 0       ; 0         ; 0    ; 0            ; 0          ; |pitch_game_top|clock_divider:game_clock_divider ; clock_divider  ; work         ;
;    |clock_divider:vga_clock_divider|  ; 44 (44)             ; 33 (33)                   ; 0           ; 0          ; 0            ; 0       ; 0         ; 0    ; 0            ; 0          ; |pitch_game_top|clock_divider:vga_clock_divider  ; clock_divider  ; work         ;
;    |position:position_inst|           ; 9 (9)               ; 9 (9)                     ; 0           ; 0          ; 0            ; 0       ; 0         ; 0    ; 0            ; 0          ; |pitch_game_top|position:position_inst           ; position       ; work         ;
;    |vga:vga_inst|                     ; 42 (42)             ; 20 (20)                   ; 0           ; 0          ; 0            ; 0       ; 0         ; 0    ; 0            ; 0          ; |pitch_game_top|vga:vga_inst                     ; vga            ; work         ;
+---------------------------------------+---------------------+---------------------------+-------------+------------+--------------+---------+-----------+------+--------------+------------+--------------------------------------------------+----------------+--------------+
Note: For table entries with two numbers listed, the numbers in parentheses indicate the number of resources of the given type used by the specific entity alone. The numbers listed outside of parentheses indicate the total resources of the given type used by the specific entity and all of its sub-entities in the hierarchy.


+---------------------------------------------------------------------------------+
; Registers Removed During Synthesis                                              ;
+----------------------------------------+----------------------------------------+
; Register name                          ; Reason for Removal                     ;
+----------------------------------------+----------------------------------------+
; position:position_inst|pipe_x[0,1]     ; Stuck at GND due to stuck port data_in ;
; position:position_inst|pipe_y[8,9]     ; Stuck at GND due to stuck port data_in ;
; position:position_inst|pipe_y[3..7]    ; Stuck at VCC due to stuck port data_in ;
; position:position_inst|pipe_y[2]       ; Stuck at GND due to stuck port data_in ;
; position:position_inst|pipe_y[1]       ; Stuck at VCC due to stuck port data_in ;
; position:position_inst|pipe_y[0]       ; Stuck at GND due to stuck port data_in ;
; position:position_inst|state[1]        ; Stuck at GND due to stuck port data_in ;
; Total Number of Removed Registers = 13 ;                                        ;
+----------------------------------------+----------------------------------------+


+------------------------------------------------------+
; General Register Statistics                          ;
+----------------------------------------------+-------+
; Statistic                                    ; Value ;
+----------------------------------------------+-------+
; Total registers                              ; 96    ;
; Number of registers using Synchronous Clear  ; 85    ;
; Number of registers using Synchronous Load   ; 8     ;
; Number of registers using Asynchronous Clear ; 9     ;
; Number of registers using Asynchronous Load  ; 0     ;
; Number of registers using Clock Enable       ; 10    ;
; Number of registers using Preset             ; 0     ;
+----------------------------------------------+-------+


+--------------------------------------------------+
; Inverted Register Statistics                     ;
+----------------------------------------+---------+
; Inverted Register                      ; Fan out ;
+----------------------------------------+---------+
; position:position_inst|pipe_x[9]       ; 3       ;
; position:position_inst|pipe_x[7]       ; 3       ;
; Total number of inverted registers = 2 ;         ;
+----------------------------------------+---------+


+--------------------------------------------------------------------------------------------------------------------------------------------------------------------------+
; Multiplexer Restructuring Statistics (Restructuring Performed)                                                                                                           ;
+--------------------+-----------+---------------+----------------------+------------------------+------------+------------------------------------------------------------+
; Multiplexer Inputs ; Bus Width ; Baseline Area ; Area if Restructured ; Saving if Restructured ; Registered ; Example Multiplexer Output                                 ;
+--------------------+-----------+---------------+----------------------+------------------------+------------+------------------------------------------------------------+
; 3:1                ; 10 bits   ; 20 LEs        ; 10 LEs               ; 10 LEs                 ; Yes        ; |pitch_game_top|vga:vga_inst|hc[8]                         ;
; 3:1                ; 32 bits   ; 64 LEs        ; 32 LEs               ; 32 LEs                 ; Yes        ; |pitch_game_top|clock_divider:vga_clock_divider|count[12]  ;
; 3:1                ; 32 bits   ; 64 LEs        ; 32 LEs               ; 32 LEs                 ; Yes        ; |pitch_game_top|clock_divider:game_clock_divider|count[11] ;
; 4:1                ; 10 bits   ; 20 LEs        ; 10 LEs               ; 10 LEs                 ; Yes        ; |pitch_game_top|vga:vga_inst|vc[2]                         ;
; 3:1                ; 2 bits    ; 4 LEs         ; 4 LEs                ; 0 LEs                  ; No         ; |pitch_game_top|vga:vga_inst|blue[2]                       ;
+--------------------+-----------+---------------+----------------------+------------------------+------------+------------------------------------------------------------+


+---------------------------------------------------------------------+
; Parameter Settings for User Entity Instance: position:position_inst ;
+----------------+------------+---------------------------------------+
; Parameter Name ; Value      ; Type                                  ;
+----------------+------------+---------------------------------------+
; PIPE_GAP       ; 0001100100 ; Unsigned Binary                       ;
; PIPE_X_START   ; 1010000000 ; Unsigned Binary                       ;
; BIRD_X         ; 0001100100 ; Unsigned Binary                       ;
+----------------+------------+---------------------------------------+
Note: In order to hide this table in the UI and the text report file, please set the "Show Parameter Settings in Synthesis Report" option in "Analysis and Synthesis Settings -> More Settings" to "Off".


+--------------------------------------------------------------+
; Port Connectivity Checks: "clock_divider:game_clock_divider" ;
+-----------------+-------+----------+-------------------------+
; Port            ; Type  ; Severity ; Details                 ;
+-----------------+-------+----------+-------------------------+
; divisor[20..19] ; Input ; Info     ; Stuck at VCC            ;
; divisor[10..9]  ; Input ; Info     ; Stuck at VCC            ;
; divisor[31..24] ; Input ; Info     ; Stuck at GND            ;
; divisor[22..21] ; Input ; Info     ; Stuck at GND            ;
; divisor[18..16] ; Input ; Info     ; Stuck at GND            ;
; divisor[14..13] ; Input ; Info     ; Stuck at GND            ;
; divisor[6..0]   ; Input ; Info     ; Stuck at GND            ;
; divisor[23]     ; Input ; Info     ; Stuck at VCC            ;
; divisor[15]     ; Input ; Info     ; Stuck at VCC            ;
; divisor[12]     ; Input ; Info     ; Stuck at VCC            ;
; divisor[11]     ; Input ; Info     ; Stuck at GND            ;
; divisor[8]      ; Input ; Info     ; Stuck at GND            ;
; divisor[7]      ; Input ; Info     ; Stuck at VCC            ;
+-----------------+-------+----------+-------------------------+


+-------------------------------------------------------------+
; Port Connectivity Checks: "clock_divider:vga_clock_divider" ;
+----------------+-------+----------+-------------------------+
; Port           ; Type  ; Severity ; Details                 ;
+----------------+-------+----------+-------------------------+
; divisor[31..2] ; Input ; Info     ; Stuck at GND            ;
; divisor[1]     ; Input ; Info     ; Stuck at VCC            ;
; divisor[0]     ; Input ; Info     ; Stuck at GND            ;
+----------------+-------+----------+-------------------------+


+------------------------------------------------------+
; Port Connectivity Checks: "collision:collision_inst" ;
+-------------------+-------+----------+---------------+
; Port              ; Type  ; Severity ; Details       ;
+-------------------+-------+----------+---------------+
; bird_x[6..5]      ; Input ; Info     ; Stuck at VCC  ;
; bird_x[9..7]      ; Input ; Info     ; Stuck at GND  ;
; bird_x[4..3]      ; Input ; Info     ; Stuck at GND  ;
; bird_x[1..0]      ; Input ; Info     ; Stuck at GND  ;
; bird_x[2]         ; Input ; Info     ; Stuck at VCC  ;
; bird_width[9..5]  ; Input ; Info     ; Stuck at GND  ;
; bird_width[1..0]  ; Input ; Info     ; Stuck at GND  ;
; bird_width[4]     ; Input ; Info     ; Stuck at VCC  ;
; bird_width[3]     ; Input ; Info     ; Stuck at GND  ;
; bird_width[2]     ; Input ; Info     ; Stuck at VCC  ;
; bird_height[9..5] ; Input ; Info     ; Stuck at GND  ;
; bird_height[1..0] ; Input ; Info     ; Stuck at GND  ;
; bird_height[4]    ; Input ; Info     ; Stuck at VCC  ;
; bird_height[3]    ; Input ; Info     ; Stuck at GND  ;
; bird_height[2]    ; Input ; Info     ; Stuck at VCC  ;
; pipe_width[5..4]  ; Input ; Info     ; Stuck at VCC  ;
; pipe_width[9..6]  ; Input ; Info     ; Stuck at GND  ;
; pipe_width[3..2]  ; Input ; Info     ; Stuck at GND  ;
; pipe_width[1]     ; Input ; Info     ; Stuck at VCC  ;
; pipe_width[0]     ; Input ; Info     ; Stuck at GND  ;
; pipe_height[6..5] ; Input ; Info     ; Stuck at VCC  ;
; pipe_height[9..7] ; Input ; Info     ; Stuck at GND  ;
; pipe_height[4..3] ; Input ; Info     ; Stuck at GND  ;
; pipe_height[1..0] ; Input ; Info     ; Stuck at GND  ;
; pipe_height[2]    ; Input ; Info     ; Stuck at VCC  ;
+-------------------+-------+----------+---------------+


+--------------------------------------------------------------------------------------------------------------------------------------+
; Port Connectivity Checks: "position:position_inst"                                                                                   ;
+-------+--------+----------+----------------------------------------------------------------------------------------------------------+
; Port  ; Type   ; Severity ; Details                                                                                                  ;
+-------+--------+----------+----------------------------------------------------------------------------------------------------------+
; state ; Output ; Warning  ; Declared by entity but not connected by instance. Logic that only feeds a dangling port will be removed. ;
+-------+--------+----------+----------------------------------------------------------------------------------------------------------+


+-----------------------------------------------------+
; Post-Synthesis Netlist Statistics for Top Partition ;
+-----------------------+-----------------------------+
; Type                  ; Count                       ;
+-----------------------+-----------------------------+
; boundary_port         ; 53                          ;
; cycloneiii_ff         ; 96                          ;
;     CLR               ; 1                           ;
;     CLR SLD           ; 8                           ;
;     ENA SCLR          ; 10                          ;
;     SCLR              ; 75                          ;
;     plain             ; 2                           ;
; cycloneiii_lcell_comb ; 194                         ;
;     arith             ; 115                         ;
;         2 data inputs ; 101                         ;
;         3 data inputs ; 14                          ;
;     normal            ; 79                          ;
;         0 data inputs ; 1                           ;
;         1 data inputs ; 10                          ;
;         2 data inputs ; 5                           ;
;         3 data inputs ; 14                          ;
;         4 data inputs ; 49                          ;
;                       ;                             ;
; Max LUT depth         ; 6.00                        ;
; Average LUT depth     ; 3.68                        ;
+-----------------------+-----------------------------+


+-------------------------------+
; Elapsed Time Per Partition    ;
+----------------+--------------+
; Partition Name ; Elapsed Time ;
+----------------+--------------+
; Top            ; 00:00:00     ;
+----------------+--------------+


+-------------------------------+
; Analysis & Synthesis Messages ;
+-------------------------------+
Info: *******************************************************************
Info: Running Quartus Prime Analysis & Synthesis
    Info: Version 23.1std.1 Build 993 05/14/2024 SC Lite Edition
    Info: Processing started: Fri May  9 03:14:14 2025
Info: Command: quartus_map --read_settings_files=on --write_settings_files=off pitch_game -c pitch_game_top
Warning (18236): Number of processors has not been specified which may cause overloading on shared machines.  Set the global assignment NUM_PARALLEL_PROCESSORS in your QSF to an appropriate value for best performance.
Info (20030): Parallel compilation is enabled and will use 16 of the 16 processors detected
Info (12021): Found 1 design units, including 1 entities, in source file vga.sv
    Info (12023): Found entity 1: vga File: C:/Users/jonathanxue/Developer/DAV/pitch-game/vga.sv Line: 1
Info (12021): Found 1 design units, including 1 entities, in source file prng.sv
    Info (12023): Found entity 1: prng File: C:/Users/jonathanxue/Developer/DAV/pitch-game/prng.sv Line: 1
Info (12021): Found 1 design units, including 1 entities, in source file position.sv
    Info (12023): Found entity 1: position File: C:/Users/jonathanxue/Developer/DAV/pitch-game/position.sv Line: 1
Info (12021): Found 1 design units, including 1 entities, in source file pitch_game_top.sv
    Info (12023): Found entity 1: pitch_game_top File: C:/Users/jonathanxue/Developer/DAV/pitch-game/pitch_game_top.sv Line: 1
Info (12021): Found 1 design units, including 1 entities, in source file pitch_game_tb.sv
    Info (12023): Found entity 1: pitch_game_tb File: C:/Users/jonathanxue/Developer/DAV/pitch-game/pitch_game_tb.sv Line: 2
Info (12021): Found 1 design units, including 1 entities, in source file microphone.sv
    Info (12023): Found entity 1: microphone File: C:/Users/jonathanxue/Developer/DAV/pitch-game/microphone.sv Line: 1
Info (12021): Found 1 design units, including 1 entities, in source file collision.sv
    Info (12023): Found entity 1: collision File: C:/Users/jonathanxue/Developer/DAV/pitch-game/collision.sv Line: 1
Info (12021): Found 1 design units, including 1 entities, in source file clock_divider.sv
    Info (12023): Found entity 1: clock_divider File: C:/Users/jonathanxue/Developer/DAV/pitch-game/clock_divider.sv Line: 1
Info (12021): Found 1 design units, including 1 entities, in source file position_tb.sv
    Info (12023): Found entity 1: position_tb File: C:/Users/jonathanxue/Developer/DAV/pitch-game/position_tb.sv Line: 1
Info (12127): Elaborating entity "pitch_game_top" for the top level hierarchy
Info (12128): Elaborating entity "microphone" for hierarchy "microphone:mic_inst" File: C:/Users/jonathanxue/Developer/DAV/pitch-game/pitch_game_top.sv Line: 68
Info (12128): Elaborating entity "position" for hierarchy "position:position_inst" File: C:/Users/jonathanxue/Developer/DAV/pitch-game/pitch_game_top.sv Line: 90
Info (12128): Elaborating entity "prng" for hierarchy "position:position_inst|prng:pipe_y_height" File: C:/Users/jonathanxue/Developer/DAV/pitch-game/position.sv Line: 31
Info (12128): Elaborating entity "collision" for hierarchy "collision:collision_inst" File: C:/Users/jonathanxue/Developer/DAV/pitch-game/pitch_game_top.sv Line: 106
Info (12128): Elaborating entity "clock_divider" for hierarchy "clock_divider:vga_clock_divider" File: C:/Users/jonathanxue/Developer/DAV/pitch-game/pitch_game_top.sv Line: 116
Warning (10036): Verilog HDL or VHDL warning at clock_divider.sv(10): object "base_clock" assigned a value but never read File: C:/Users/jonathanxue/Developer/DAV/pitch-game/clock_divider.sv Line: 10
Info (12128): Elaborating entity "vga" for hierarchy "vga:vga_inst" File: C:/Users/jonathanxue/Developer/DAV/pitch-game/pitch_game_top.sv Line: 140
Warning (12241): 1 hierarchies have connectivity warnings - see the Connectivity Checks report folder
Warning (13024): Output pins are stuck at VCC or GND
    Warning (13410): Pin "red[0]" is stuck at GND File: C:/Users/jonathanxue/Developer/DAV/pitch-game/pitch_game_top.sv Line: 16
    Warning (13410): Pin "green[0]" is stuck at GND File: C:/Users/jonathanxue/Developer/DAV/pitch-game/pitch_game_top.sv Line: 17
    Warning (13410): Pin "blue[0]" is stuck at GND File: C:/Users/jonathanxue/Developer/DAV/pitch-game/pitch_game_top.sv Line: 18
    Warning (13410): Pin "blue[1]" is stuck at GND File: C:/Users/jonathanxue/Developer/DAV/pitch-game/pitch_game_top.sv Line: 18
    Warning (13410): Pin "led3" is stuck at GND File: C:/Users/jonathanxue/Developer/DAV/pitch-game/pitch_game_top.sv Line: 26
Info (286030): Timing-Driven Synthesis is running
Info (16010): Generating hard_block partition "hard_block:auto_generated_inst"
    Info (16011): Adding 0 node(s), including 0 DDIO, 0 PLL, 0 transceiver and 0 LCELL
Warning (21074): Design contains 12 input pin(s) that do not drive logic
    Warning (15610): No output dependent on input pin "mic[0]" File: C:/Users/jonathanxue/Developer/DAV/pitch-game/pitch_game_top.sv Line: 5
    Warning (15610): No output dependent on input pin "mic[1]" File: C:/Users/jonathanxue/Developer/DAV/pitch-game/pitch_game_top.sv Line: 5
    Warning (15610): No output dependent on input pin "mic[2]" File: C:/Users/jonathanxue/Developer/DAV/pitch-game/pitch_game_top.sv Line: 5
    Warning (15610): No output dependent on input pin "mic[3]" File: C:/Users/jonathanxue/Developer/DAV/pitch-game/pitch_game_top.sv Line: 5
    Warning (15610): No output dependent on input pin "mic[4]" File: C:/Users/jonathanxue/Developer/DAV/pitch-game/pitch_game_top.sv Line: 5
    Warning (15610): No output dependent on input pin "mic[5]" File: C:/Users/jonathanxue/Developer/DAV/pitch-game/pitch_game_top.sv Line: 5
    Warning (15610): No output dependent on input pin "mic[6]" File: C:/Users/jonathanxue/Developer/DAV/pitch-game/pitch_game_top.sv Line: 5
    Warning (15610): No output dependent on input pin "mic[7]" File: C:/Users/jonathanxue/Developer/DAV/pitch-game/pitch_game_top.sv Line: 5
    Warning (15610): No output dependent on input pin "mic[8]" File: C:/Users/jonathanxue/Developer/DAV/pitch-game/pitch_game_top.sv Line: 5
    Warning (15610): No output dependent on input pin "mic[9]" File: C:/Users/jonathanxue/Developer/DAV/pitch-game/pitch_game_top.sv Line: 5
    Warning (15610): No output dependent on input pin "mic[10]" File: C:/Users/jonathanxue/Developer/DAV/pitch-game/pitch_game_top.sv Line: 5
    Warning (15610): No output dependent on input pin "mic[11]" File: C:/Users/jonathanxue/Developer/DAV/pitch-game/pitch_game_top.sv Line: 5
Info (21057): Implemented 246 device resources after synthesis - the final resource count might be different
    Info (21058): Implemented 15 input pins
    Info (21059): Implemented 38 output pins
    Info (21061): Implemented 193 logic cells
Info: Quartus Prime Analysis & Synthesis was successful. 0 errors, 22 warnings
    Info: Peak virtual memory: 4849 megabytes
    Info: Processing ended: Fri May  9 03:14:19 2025
    Info: Elapsed time: 00:00:05
    Info: Total CPU time (on all processors): 00:00:13


